<?xml version="1.0" encoding="UTF-8"?>
<robot generator="Robot 3.1.1 (Python 3.6.4 on win32)" generated="20200512 15:17:25.787" rpa="false">
<suite id="s1" name="Registration" source="C:\Users\araitio\kassiopeia-acceptance-tests-demo\acceptance_tests\registration.robot">
<kw name="Open browser to registration page" type="setup">
<kw name="Open Browser" library="SeleniumLibrary">
<doc>Opens a new browser instance to the given ``url``.</doc>
<arguments>
<arg>${URL}</arg>
</arguments>
<msg timestamp="20200512 15:17:25.968" level="INFO">Opening browser 'firefox' to base url 'https://www.iltalehti.fi/'.</msg>
<status status="PASS" starttime="20200512 15:17:25.967" endtime="20200512 15:17:34.670"></status>
</kw>
<status status="PASS" starttime="20200512 15:17:25.967" endtime="20200512 15:17:34.670"></status>
</kw>
<test id="s1-t1" name="Registration">
<kw name="Given User has no account for web page">
<kw name="Set Window Position" library="SeleniumLibrary">
<doc>Sets window position using ``x`` and ``y`` coordinates.</doc>
<arguments>
<arg>100</arg>
<arg>200</arg>
</arguments>
<status status="PASS" starttime="20200512 15:17:34.672" endtime="20200512 15:17:34.686"></status>
</kw>
<status status="PASS" starttime="20200512 15:17:34.672" endtime="20200512 15:17:34.687"></status>
</kw>
<kw name="And User has not logged in">
<kw name="Set Window Size" library="SeleniumLibrary">
<doc>Sets current windows size to given ``width`` and ``height``.</doc>
<arguments>
<arg>800</arg>
<arg>600</arg>
</arguments>
<status status="PASS" starttime="20200512 15:17:34.688" endtime="20200512 15:17:34.748"></status>
</kw>
<status status="PASS" starttime="20200512 15:17:34.687" endtime="20200512 15:17:34.749"></status>
</kw>
<kw name="When User press New Registration button at web page">
<kw name="Set Selenium Speed" library="SeleniumLibrary">
<doc>Sets the delay that is waited after each Selenium command.</doc>
<arguments>
<arg>0.5 s</arg>
</arguments>
<status status="PASS" starttime="20200512 15:17:34.751" endtime="20200512 15:17:34.752"></status>
</kw>
<status status="PASS" starttime="20200512 15:17:34.751" endtime="20200512 15:17:34.752"></status>
</kw>
<kw name="Then User is able to make her/his registration">
<kw name="Get Window Position" library="SeleniumLibrary">
<doc>Returns current window position.</doc>
<status status="PASS" starttime="20200512 15:17:34.757" endtime="20200512 15:17:35.261"></status>
</kw>
<status status="PASS" starttime="20200512 15:17:34.756" endtime="20200512 15:17:35.261"></status>
</kw>
<tags>
<tag>KAS-10</tag>
</tags>
<status status="PASS" starttime="20200512 15:17:34.670" endtime="20200512 15:17:35.266" critical="yes"></status>
</test>
<kw name="Close Browser" library="SeleniumLibrary" type="teardown">
<doc>Closes the current browser.</doc>
<status status="PASS" starttime="20200512 15:17:35.271" endtime="20200512 15:17:37.556"></status>
</kw>
<status status="PASS" starttime="20200512 15:17:25.788" endtime="20200512 15:17:37.556"></status>
</suite>
<statistics>
<total>
<stat pass="1" fail="0">Critical Tests</stat>
<stat pass="1" fail="0">All Tests</stat>
</total>
<tag>
<stat pass="1" fail="0">KAS-10</stat>
</tag>
<suite>
<stat pass="1" fail="0" id="s1" name="Registration">Registration</stat>
</suite>
</statistics>
<errors>
</errors>
</robot>
